Running php-build composer
WARNING! Your password will be stored unencrypted in /home/runner/.docker/config.json.
Configure a credential helper to remove this warning. See
https://docs.docker.com/engine/reference/commandline/login/#credentials-store

Login Succeeded
Pulling docker.pkg.github.com/tobytwigger/cycle-store/php-actions_composer_cycle-store:php-latest-build2
WARNING: ⚠️ Failed to pull manifest by the resolved digest. This registry does not
	appear to conform to the distribution registry specification; falling back to
	pull by tag.  This fallback is DEPRECATED, and will be removed in a future
	release.  Please contact admins of https://docker.pkg.github.com. ⚠️

php-latest-build2: Pulling from tobytwigger/cycle-store/php-actions_composer_cycle-store
59bf1c3509f3: Already exists
7c7da25b2876: Pulling fs layer
2bc599114627: Pulling fs layer
927a0b37a45a: Pulling fs layer
764e508e2224: Pulling fs layer
07210dc10f8b: Pulling fs layer
156cbca52176: Pulling fs layer
b5e3adb8097d: Pulling fs layer
7d0ee9e608a2: Pulling fs layer
137efcc44d89: Pulling fs layer
156cbca52176: Waiting
b5e3adb8097d: Waiting
7d0ee9e608a2: Waiting
137efcc44d89: Waiting
764e508e2224: Waiting
07210dc10f8b: Waiting
927a0b37a45a: Verifying Checksum
927a0b37a45a: Download complete
2bc599114627: Verifying Checksum
2bc599114627: Download complete
7c7da25b2876: Download complete
7c7da25b2876: Pull complete
2bc599114627: Pull complete
07210dc10f8b: Verifying Checksum
07210dc10f8b: Download complete
927a0b37a45a: Pull complete
764e508e2224: Verifying Checksum
764e508e2224: Download complete
764e508e2224: Pull complete
07210dc10f8b: Pull complete
b5e3adb8097d: Verifying Checksum
b5e3adb8097d: Download complete
156cbca52176: Verifying Checksum
156cbca52176: Download complete
7d0ee9e608a2: Verifying Checksum
7d0ee9e608a2: Download complete
137efcc44d89: Verifying Checksum
137efcc44d89: Download complete
156cbca52176: Pull complete
b5e3adb8097d: Pull complete
7d0ee9e608a2: Pull complete
137efcc44d89: Pull complete
Digest: sha256:ce1e0ab78038f8007bd4922443b44f347a30155d797f4bd0910542e0c755d99c
Status: Downloaded newer image for docker.pkg.github.com/tobytwigger/cycle-store/php-actions_composer_cycle-store:php-latest-build2
docker.pkg.github.com/tobytwigger/cycle-store/php-actions_composer_cycle-store:php-latest-build2
Docker tag: docker.pkg.github.com/tobytwigger/cycle-store/php-actions_composer_cycle-store:php-latest-build2
No private keys supplied
Command: composer install --no-progress --no-interaction --ignore-platform-reqs
Skipping env variable PWD
Skipping env variable HOME
Skipping env variable SHLVL
Skipping env variable PATH
